almond lavender honeydew burnished orchid
azure magenta lace smoke ghost
bisque dodger blanched steel maroon
bisque frosted khaki linen royal
blanched lemon magenta medium dark
blue sienna navy coral violet
burnished firebrick ivory peru steel
chiffon papaya lavender tomato spring
chocolate dim honeydew orange dodger
lavender thistle navajo grey tan
lavender yellow pink puff olive
lime moccasin seashell orange coral
linen dodger lime purple cornsilk
medium brown blanched grey chocolate
midnight papaya violet peach cream
midnight peach purple coral azure
navajo deep saddle grey goldenrod
navajo khaki almond royal chartreuse
orange cyan magenta navajo indian
pink salmon moccasin orange wheat
plum cyan almond dark orchid
powder aquamarine papaya floral puff
puff mint dodger hot seashell
sky chartreuse drab violet goldenrod
sky cream deep tomato rosy
sky dim thistle saddle pale
turquoise white peru antique chiffon
